using /tmp/launcher.2442836.hostlist.Rh4ToNop to get hosts
starting job on c305-016
starting job on c305-017
starting job on c311-142
starting job on c311-143
starting job on c312-173
starting job on c312-174
starting job on c314-044
starting job on c314-051
Warning: Permanently added 'c311-143' (ECDSA) to the list of known hosts.
Warning: Permanently added 'c312-173' (ECDSA) to the list of known hosts.
using /tmp/launcher.2442836.hostlist.KsVJ7f4p to get hosts
starting job on c305-016
starting job on c305-017
starting job on c311-142
starting job on c311-143
starting job on c312-173
starting job on c312-174
starting job on c314-044
starting job on c314-051
using /tmp/launcher.2442836.hostlist.6sQsHBIG to get hosts
starting job on c305-016
starting job on c305-017
starting job on c311-142
starting job on c311-143
starting job on c312-173
starting job on c312-174
starting job on c314-044
starting job on c314-051
mv: cannot stat 'dfbb7b10-4710-41c8-a3e2-bc16229ff787.igblast.makedb.productive.airr_clone-fail.tsv': No such file or directory
mv: cannot stat 'e716f519-8281-41a1-9463-1a1a628816d8.igblast.makedb.productive.airr_clone-fail.tsv': No such file or directory
mv: cannot stat '14d5be45-a7ca-44f9-bd76-cfb242f4dbfc.igblast.makedb.productive.airr_clone-fail.tsv': No such file or directory
mv: cannot stat 'cd683210-fb19-4e56-a68b-b74bd32339f5.igblast.makedb.productive.airr_clone-fail.tsv': No such file or directory
mv: cannot stat '6f48df5b-0a24-492e-a221-e8404b28df15.igblast.makedb.productive.airr_clone-fail.tsv': No such file or directory
mv: cannot stat '2cd1523d-eb91-4093-b072-632d60fc8c1c.igblast.makedb.productive.airr_clone-fail.tsv': No such file or directory
mv: cannot stat '2f9735c7-0df1-4e23-863a-4c409105e9b7.igblast.makedb.productive.airr_clone-fail.tsv': No such file or directory
mv: cannot stat 'dfbb7b10-4710-41c8-a3e2-bc16229ff787.igblast.makedb.productive.airr_clone-fail.tsv': No such file or directory
mv: cannot stat 'e716f519-8281-41a1-9463-1a1a628816d8.igblast.makedb.productive.airr_clone-fail.tsv': No such file or directory
mv: cannot stat '14d5be45-a7ca-44f9-bd76-cfb242f4dbfc.igblast.makedb.productive.airr_clone-fail.tsv': No such file or directory
mv: cannot stat 'cd683210-fb19-4e56-a68b-b74bd32339f5.igblast.makedb.productive.airr_clone-fail.tsv': No such file or directory
mv: cannot stat '6f48df5b-0a24-492e-a221-e8404b28df15.igblast.makedb.productive.airr_clone-fail.tsv': No such file or directory
mv: cannot stat '2cd1523d-eb91-4093-b072-632d60fc8c1c.igblast.makedb.productive.airr_clone-fail.tsv': No such file or directory
mv: cannot stat '2f9735c7-0df1-4e23-863a-4c409105e9b7.igblast.makedb.productive.airr_clone-fail.tsv': No such file or directory
mv: cannot stat 'b7b1f62e-d19f-455e-9114-df2c9dcf1cc8.igblast.makedb.productive.airr_clone-fail.tsv': No such file or directory
mv: cannot stat '11e7266c-efb1-464e-ab3e-b681d3b90a8f.igblast.makedb.productive.airr_clone-fail.tsv': No such file or directory
mv: cannot stat '7bee0979-7fed-44ea-aa5d-4a07d3109ba2.igblast.makedb.productive.airr_clone-fail.tsv': No such file or directory
mv: cannot stat '9f71937c-e343-46d5-b3bc-2f0d462cc71b.igblast.makedb.productive.airr_clone-fail.tsv': No such file or directory
mv: cannot stat '8a4fb6a4-1d65-495e-bb91-c931f17d6511.igblast.makedb.productive.airr_clone-fail.tsv': No such file or directory
mv: cannot stat '11e7266c-efb1-464e-ab3e-b681d3b90a8f.igblast.makedb.productive.airr_clone-fail.tsv': No such file or directory
mv: cannot stat 'b7b1f62e-d19f-455e-9114-df2c9dcf1cc8.igblast.makedb.productive.airr_clone-fail.tsv': No such file or directory
mv: cannot stat '39795eab-9f53-4228-844e-6ae7e3137698.igblast.makedb.productive.airr_clone-fail.tsv': No such file or directory
mv: cannot stat 'c7ac891b-4d75-4a75-8fe2-bf3ca96a5bc7.igblast.makedb.productive.airr_clone-fail.tsv': No such file or directory
mv: cannot stat '7bee0979-7fed-44ea-aa5d-4a07d3109ba2.igblast.makedb.productive.airr_clone-fail.tsv': No such file or directory
mv: cannot stat '9f71937c-e343-46d5-b3bc-2f0d462cc71b.igblast.makedb.productive.airr_clone-fail.tsv': No such file or directory
mv: cannot stat '8a4fb6a4-1d65-495e-bb91-c931f17d6511.igblast.makedb.productive.airr_clone-fail.tsv': No such file or directory
mv: cannot stat 'af69c333-197b-4dbe-a815-ab40e5468f83.igblast.makedb.productive.airr_clone-fail.tsv': No such file or directory
mv: cannot stat 'c7ac891b-4d75-4a75-8fe2-bf3ca96a5bc7.igblast.makedb.productive.airr_clone-fail.tsv': No such file or directory
mv: cannot stat '39795eab-9f53-4228-844e-6ae7e3137698.igblast.makedb.productive.airr_clone-fail.tsv': No such file or directory
mv: cannot stat 'c8209da0-0f65-426f-9a2c-539f9c8ee229.igblast.makedb.productive.airr_clone-fail.tsv': No such file or directory
mv: cannot stat 'c7944fb8-8bbb-42df-a13f-258208e6dfed.igblast.makedb.productive.airr_clone-fail.tsv': No such file or directory
mv: cannot stat '79abc09f-e469-496f-b9b8-fc0e18501d64.igblast.makedb.productive.airr_clone-fail.tsv': No such file or directory
mv: cannot stat '664d3539-07a3-4101-966f-d2812082eb67.igblast.makedb.productive.airr_clone-fail.tsv': No such file or directory
mv: cannot stat 'c8209da0-0f65-426f-9a2c-539f9c8ee229.igblast.makedb.productive.airr_clone-fail.tsv': No such file or directory
mv: cannot stat 'bab9aab9-c72a-4ed7-aedc-a9a39c9832f6.igblast.makedb.productive.airr_clone-fail.tsv': No such file or directory
mv: cannot stat 'c7944fb8-8bbb-42df-a13f-258208e6dfed.igblast.makedb.productive.airr_clone-fail.tsv': No such file or directory
mv: cannot stat '79abc09f-e469-496f-b9b8-fc0e18501d64.igblast.makedb.productive.airr_clone-fail.tsv': No such file or directory
mv: cannot stat '664d3539-07a3-4101-966f-d2812082eb67.igblast.makedb.productive.airr_clone-fail.tsv': No such file or directory
mv: cannot stat '4330419d-51f8-49dd-987b-f62cbc8bf573.igblast.makedb.productive.airr_clone-fail.tsv': No such file or directory
mv: cannot stat '349bb397-7c61-4b63-b019-00f665d978df.igblast.makedb.productive.airr_clone-fail.tsv': No such file or directory
mv: cannot stat 'bab9aab9-c72a-4ed7-aedc-a9a39c9832f6.igblast.makedb.productive.airr_clone-fail.tsv': No such file or directory
mv: cannot stat '5798a6f3-b5ed-4721-9c34-f81a42b5c229.igblast.makedb.productive.airr_clone-fail.tsv': No such file or directory
mv: cannot stat '5798a6f3-b5ed-4721-9c34-f81a42b5c229.igblast.makedb.productive.airr_clone-fail.tsv': No such file or directory
mv: cannot stat '349bb397-7c61-4b63-b019-00f665d978df.igblast.makedb.productive.airr_clone-fail.tsv': No such file or directory
mv: cannot stat 'af69c333-197b-4dbe-a815-ab40e5468f83.igblast.makedb.productive.airr_clone-fail.tsv': No such file or directory
mv: cannot stat '4330419d-51f8-49dd-987b-f62cbc8bf573.igblast.makedb.productive.airr_clone-fail.tsv': No such file or directory
mv: cannot stat 'd90e747c-b0ee-486f-b867-e50ea3a61122.igblast.makedb.productive.airr_clone-fail.tsv': No such file or directory
mv: cannot stat 'b8b6dac2-f4c7-4e18-828c-39b9f147c216.igblast.makedb.productive.airr_clone-fail.tsv': No such file or directory
mv: cannot stat '6c28185e-a6dc-4c1d-87f1-4a5fd2409f8d.igblast.makedb.productive.airr_clone-fail.tsv': No such file or directory
mv: cannot stat 'babe2f0d-f630-4420-bdbc-43c33d418a1a.igblast.makedb.productive.airr_clone-fail.tsv': No such file or directory
mv: cannot stat '33795987-262c-4452-9ab9-f3db2cdf6398.igblast.makedb.productive.airr_clone-fail.tsv': No such file or directory
mv: cannot stat '6f583d38-ed97-4ccb-b652-154418c925e2.igblast.makedb.productive.airr_clone-fail.tsv': No such file or directory
mv: cannot stat 'd90e747c-b0ee-486f-b867-e50ea3a61122.igblast.makedb.productive.airr_clone-fail.tsv': No such file or directory
mv: cannot stat 'b8b6dac2-f4c7-4e18-828c-39b9f147c216.igblast.makedb.productive.airr_clone-fail.tsv': No such file or directory
mv: cannot stat 'babe2f0d-f630-4420-bdbc-43c33d418a1a.igblast.makedb.productive.airr_clone-fail.tsv': No such file or directory
mv: cannot stat '33795987-262c-4452-9ab9-f3db2cdf6398.igblast.makedb.productive.airr_clone-fail.tsv': No such file or directory
mv: cannot stat '6f583d38-ed97-4ccb-b652-154418c925e2.igblast.makedb.productive.airr_clone-fail.tsv': No such file or directory
mv: cannot stat '6c28185e-a6dc-4c1d-87f1-4a5fd2409f8d.igblast.makedb.productive.airr_clone-fail.tsv': No such file or directory
mv: cannot stat '60350dcf-bc92-44b0-a872-8899c3d3be6d.igblast.makedb.productive.airr_clone-fail.tsv': No such file or directory
mv: cannot stat '42dac4e6-5d7a-49ce-ab66-97e4c94eb5ab.igblast.makedb.productive.airr_clone-fail.tsv': No such file or directory
mv: cannot stat 'a98bbbea-95a9-48db-b199-5ea404e1f5fd.igblast.makedb.productive.airr_clone-fail.tsv': No such file or directory
mv: cannot stat '60350dcf-bc92-44b0-a872-8899c3d3be6d.igblast.makedb.productive.airr_clone-fail.tsv': No such file or directory
mv: cannot stat '42dac4e6-5d7a-49ce-ab66-97e4c94eb5ab.igblast.makedb.productive.airr_clone-fail.tsv': No such file or directory
mv: cannot stat 'd53ab4b1-6b6e-4789-ac9c-7a7b8298a151.igblast.makedb.productive.airr_clone-fail.tsv': No such file or directory
mv: cannot stat '6c5c7e47-12f0-404d-a163-0de8995dde34.igblast.makedb.productive.airr_clone-fail.tsv': No such file or directory
mv: cannot stat '9025c233-283c-4e31-aa98-e8e7df2a15db.igblast.makedb.productive.airr_clone-fail.tsv': No such file or directory
mv: cannot stat 'a98bbbea-95a9-48db-b199-5ea404e1f5fd.igblast.makedb.productive.airr_clone-fail.tsv': No such file or directory
mv: cannot stat 'fb737382-6e3e-4847-8129-8d7c25aa47e2.igblast.makedb.productive.airr_clone-fail.tsv': No such file or directory
mv: cannot stat '6c5c7e47-12f0-404d-a163-0de8995dde34.igblast.makedb.productive.airr_clone-fail.tsv': No such file or directory
mv: cannot stat '9025c233-283c-4e31-aa98-e8e7df2a15db.igblast.makedb.productive.airr_clone-fail.tsv': No such file or directory
mv: cannot stat 'eb79f62d-ec06-4703-a008-ca54b9372ace.igblast.makedb.productive.airr_clone-fail.tsv': No such file or directory
mv: cannot stat 'eb79f62d-ec06-4703-a008-ca54b9372ace.igblast.makedb.productive.airr_clone-fail.tsv': No such file or directory
mv: cannot stat '04fcf368-51ab-4667-8a5b-0a8121ef1efc.igblast.makedb.productive.airr_clone-fail.tsv': No such file or directory
mv: cannot stat 'ab51ea18-1c0e-46ac-a5c9-97eff3a78175.igblast.makedb.productive.airr_clone-fail.tsv': No such file or directory
mv: cannot stat '03c6884c-4269-43a2-99b7-d6c4e7a4d60c.igblast.makedb.productive.airr_clone-fail.tsv': No such file or directory
mv: cannot stat 'fb737382-6e3e-4847-8129-8d7c25aa47e2.igblast.makedb.productive.airr_clone-fail.tsv': No such file or directory
mv: cannot stat '057c98b2-5d4a-4fe6-a239-ab47b1e89caa.igblast.makedb.productive.airr_clone-fail.tsv': No such file or directory
mv: cannot stat 'ab51ea18-1c0e-46ac-a5c9-97eff3a78175.igblast.makedb.productive.airr_clone-fail.tsv': No such file or directory
mv: cannot stat '03c6884c-4269-43a2-99b7-d6c4e7a4d60c.igblast.makedb.productive.airr_clone-fail.tsv': No such file or directory
mv: cannot stat 'cc274d8e-3b65-4215-8fd7-b76cd5a2a4de.igblast.makedb.productive.airr_clone-fail.tsv': No such file or directory
mv: cannot stat '04fcf368-51ab-4667-8a5b-0a8121ef1efc.igblast.makedb.productive.airr_clone-fail.tsv': No such file or directory
mv: cannot stat 'd53ab4b1-6b6e-4789-ac9c-7a7b8298a151.igblast.makedb.productive.airr_clone-fail.tsv': No such file or directory
mv: cannot stat 'cc274d8e-3b65-4215-8fd7-b76cd5a2a4de.igblast.makedb.productive.airr_clone-fail.tsv': No such file or directory
mv: cannot stat '3ded8261-b4ef-4ef7-8a22-ddb15900d150.igblast.makedb.productive.airr_clone-fail.tsv': No such file or directory
mv: cannot stat '28cfc0d9-8599-4094-99fe-77469988d849.igblast.makedb.productive.airr_clone-fail.tsv': No such file or directory
mv: cannot stat '057c98b2-5d4a-4fe6-a239-ab47b1e89caa.igblast.makedb.productive.airr_clone-fail.tsv': No such file or directory
mv: cannot stat '49c002ca-4cd6-4e85-b650-e36250e5523c.igblast.makedb.productive.airr_clone-fail.tsv': No such file or directory
mv: cannot stat '3ded8261-b4ef-4ef7-8a22-ddb15900d150.igblast.makedb.productive.airr_clone-fail.tsv': No such file or directory
mv: cannot stat '56796aa4-5126-400a-8d50-53a5689b894d.igblast.makedb.productive.airr_clone-fail.tsv': No such file or directory
mv: cannot stat '52ec110f-6cae-4dd5-80d9-dd9a97001aa6.igblast.makedb.productive.airr_clone-fail.tsv': No such file or directory
mv: cannot stat '49c002ca-4cd6-4e85-b650-e36250e5523c.igblast.makedb.productive.airr_clone-fail.tsv': No such file or directory
mv: cannot stat '56796aa4-5126-400a-8d50-53a5689b894d.igblast.makedb.productive.airr_clone-fail.tsv': No such file or directory
mv: cannot stat 'b31d0832-474e-4ad1-9ecb-c5ebf16e9b71.igblast.makedb.productive.airr_clone-fail.tsv': No such file or directory
mv: cannot stat '52ec110f-6cae-4dd5-80d9-dd9a97001aa6.igblast.makedb.productive.airr_clone-fail.tsv': No such file or directory
mv: cannot stat '2d12c4ba-4e63-455c-a975-47f4288cf6bf.igblast.makedb.productive.airr_clone-fail.tsv': No such file or directory
mv: cannot stat 'b31d0832-474e-4ad1-9ecb-c5ebf16e9b71.igblast.makedb.productive.airr_clone-fail.tsv': No such file or directory
mv: cannot stat '763fd905-5c1b-4971-89c6-824fcbe5e4cf.igblast.makedb.productive.airr_clone-fail.tsv': No such file or directory
mv: cannot stat '2d12c4ba-4e63-455c-a975-47f4288cf6bf.igblast.makedb.productive.airr_clone-fail.tsv': No such file or directory
mv: cannot stat 'c0d4dd4b-fc62-433d-a6a4-cb91c0bedb3d.igblast.makedb.productive.airr_clone-fail.tsv': No such file or directory
mv: cannot stat '02035b1f-a916-4b28-a408-e24e2246c42f.igblast.makedb.productive.airr_clone-fail.tsv': No such file or directory
mv: cannot stat '763fd905-5c1b-4971-89c6-824fcbe5e4cf.igblast.makedb.productive.airr_clone-fail.tsv': No such file or directory
mv: cannot stat '028bed43-5fd1-49ba-9643-0d28522432b8.igblast.makedb.productive.airr_clone-fail.tsv': No such file or directory
mv: cannot stat '35aa3e43-abc6-4606-86d1-b3abcd78c2ce.igblast.makedb.productive.airr_clone-fail.tsv': No such file or directory
mv: cannot stat '1049b207-04bb-42cf-afc3-38c03578653f.igblast.makedb.productive.airr_clone-fail.tsv': No such file or directory
mv: cannot stat '028bed43-5fd1-49ba-9643-0d28522432b8.igblast.makedb.productive.airr_clone-fail.tsv': No such file or directory
mv: cannot stat '35aa3e43-abc6-4606-86d1-b3abcd78c2ce.igblast.makedb.productive.airr_clone-fail.tsv': No such file or directory
mv: cannot stat '1049b207-04bb-42cf-afc3-38c03578653f.igblast.makedb.productive.airr_clone-fail.tsv': No such file or directory
mv: cannot stat 'c0d4dd4b-fc62-433d-a6a4-cb91c0bedb3d.igblast.makedb.productive.airr_clone-fail.tsv': No such file or directory
mv: cannot stat '8c606059-d904-47ea-a3b2-87c5ecf9092e.igblast.makedb.productive.airr_clone-fail.tsv': No such file or directory
mv: cannot stat '056db7a7-5070-4248-87e3-2d396789772b.igblast.makedb.productive.airr_clone-fail.tsv': No such file or directory
mv: cannot stat '62443617-ec3b-4463-baf6-ab5a4f4b1843.igblast.makedb.productive.airr_clone-fail.tsv': No such file or directory
mv: cannot stat 'b64ed787-7239-4189-8850-9ed37dd8ed78.igblast.makedb.productive.airr_clone-fail.tsv': No such file or directory
mv: cannot stat '02035b1f-a916-4b28-a408-e24e2246c42f.igblast.makedb.productive.airr_clone-fail.tsv': No such file or directory
mv: cannot stat '8c606059-d904-47ea-a3b2-87c5ecf9092e.igblast.makedb.productive.airr_clone-fail.tsv': No such file or directory
mv: cannot stat '62443617-ec3b-4463-baf6-ab5a4f4b1843.igblast.makedb.productive.airr_clone-fail.tsv': No such file or directory
mv: cannot stat 'e1552d6e-1896-4fd8-976e-e72fa9fbe085.igblast.makedb.productive.airr_clone-fail.tsv': No such file or directory
mv: cannot stat '056db7a7-5070-4248-87e3-2d396789772b.igblast.makedb.productive.airr_clone-fail.tsv': No such file or directory
mv: cannot stat 'c28d1189-43fb-449c-88e9-b54478bf0315.igblast.makedb.productive.airr_clone-fail.tsv': No such file or directory
mv: cannot stat '49530577-09a3-4a59-a3d1-c82300175178.igblast.makedb.productive.airr_clone-fail.tsv': No such file or directory
mv: cannot stat '28cfc0d9-8599-4094-99fe-77469988d849.igblast.makedb.productive.airr_clone-fail.tsv': No such file or directory
mv: cannot stat '6b7f9101-ff1e-4214-9401-09d42af6cceb.igblast.makedb.productive.airr_clone-fail.tsv': No such file or directory
mv: cannot stat 'e1552d6e-1896-4fd8-976e-e72fa9fbe085.igblast.makedb.productive.airr_clone-fail.tsv': No such file or directory
mv: cannot stat 'b64ed787-7239-4189-8850-9ed37dd8ed78.igblast.makedb.productive.airr_clone-fail.tsv': No such file or directory
mv: cannot stat 'c0aaeef9-6eaf-4276-86d4-ee894eb4795f.igblast.makedb.productive.airr_clone-fail.tsv': No such file or directory
mv: cannot stat 'c28d1189-43fb-449c-88e9-b54478bf0315.igblast.makedb.productive.airr_clone-fail.tsv': No such file or directory
mv: cannot stat '6b7f9101-ff1e-4214-9401-09d42af6cceb.igblast.makedb.productive.airr_clone-fail.tsv': No such file or directory
mv: cannot stat 'c0aaeef9-6eaf-4276-86d4-ee894eb4795f.igblast.makedb.productive.airr_clone-fail.tsv': No such file or directory
mv: cannot stat '85981581-f4b8-43e5-b544-e02a9fe031e9.igblast.makedb.productive.airr_clone-fail.tsv': No such file or directory
mv: cannot stat '49530577-09a3-4a59-a3d1-c82300175178.igblast.makedb.productive.airr_clone-fail.tsv': No such file or directory
mv: cannot stat '6d474c43-9789-4ab7-ab48-2b7d92db6d2b.igblast.makedb.productive.airr_clone-fail.tsv': No such file or directory
mv: cannot stat '3445b119-fc93-4d79-83aa-9b24ec8a66c2.igblast.makedb.productive.airr_clone-fail.tsv': No such file or directory
mv: cannot stat '1e07910c-69e7-4e47-acf4-2591a9718f43.igblast.makedb.productive.airr_clone-fail.tsv': No such file or directory
mv: cannot stat 'b34b09b9-acb6-4287-83c2-8218ef0fb377.igblast.makedb.productive.airr_clone-fail.tsv': No such file or directory
mv: cannot stat '10c3e7aa-0c68-4300-939e-fc30da27a0ef.igblast.makedb.productive.airr_clone-fail.tsv': No such file or directory
mv: cannot stat '85981581-f4b8-43e5-b544-e02a9fe031e9.igblast.makedb.productive.airr_clone-fail.tsv': No such file or directory
mv: cannot stat 'f3c75541-92f2-4dc3-9c02-c010b77dae89.igblast.makedb.productive.airr_clone-fail.tsv': No such file or directory
mv: cannot stat '1e07910c-69e7-4e47-acf4-2591a9718f43.igblast.makedb.productive.airr_clone-fail.tsv': No such file or directory
mv: cannot stat '3445b119-fc93-4d79-83aa-9b24ec8a66c2.igblast.makedb.productive.airr_clone-fail.tsv': No such file or directory
mv: cannot stat '10c3e7aa-0c68-4300-939e-fc30da27a0ef.igblast.makedb.productive.airr_clone-fail.tsv': No such file or directory
mv: cannot stat '6d474c43-9789-4ab7-ab48-2b7d92db6d2b.igblast.makedb.productive.airr_clone-fail.tsv': No such file or directory
mv: cannot stat 'b34b09b9-acb6-4287-83c2-8218ef0fb377.igblast.makedb.productive.airr_clone-fail.tsv': No such file or directory
mv: cannot stat 'f3c75541-92f2-4dc3-9c02-c010b77dae89.igblast.makedb.productive.airr_clone-fail.tsv': No such file or directory
mv: cannot stat '460f6a6b-b82e-4963-abff-b728d115ec4f.igblast.makedb.productive.airr_clone-fail.tsv': No such file or directory
mv: cannot stat '2070f3f1-3689-4e18-b483-4282a625599f.igblast.makedb.productive.airr_clone-fail.tsv': No such file or directory
mv: cannot stat 'e32c6ffb-beea-4930-ab31-e59690ad1ad5.igblast.makedb.productive.airr_clone-fail.tsv': No such file or directory
mv: cannot stat 'aed625d6-23ca-4623-8d9f-8aff8852a1ce.igblast.makedb.productive.airr_clone-fail.tsv': No such file or directory
mv: cannot stat '460f6a6b-b82e-4963-abff-b728d115ec4f.igblast.makedb.productive.airr_clone-fail.tsv': No such file or directory
mv: cannot stat 'f62f3071-913b-4e52-8e28-784bcebd392d.igblast.makedb.productive.airr_clone-fail.tsv': No such file or directory
mv: cannot stat '4b9592a6-9121-4e76-8a3a-5232f289878e.igblast.makedb.productive.airr_clone-fail.tsv': No such file or directory
mv: cannot stat '2070f3f1-3689-4e18-b483-4282a625599f.igblast.makedb.productive.airr_clone-fail.tsv': No such file or directory
mv: cannot stat 'e32c6ffb-beea-4930-ab31-e59690ad1ad5.igblast.makedb.productive.airr_clone-fail.tsv': No such file or directory
mv: cannot stat 'aed625d6-23ca-4623-8d9f-8aff8852a1ce.igblast.makedb.productive.airr_clone-fail.tsv': No such file or directory
mv: cannot stat 'f62f3071-913b-4e52-8e28-784bcebd392d.igblast.makedb.productive.airr_clone-fail.tsv': No such file or directory
mv: cannot stat '4b9592a6-9121-4e76-8a3a-5232f289878e.igblast.makedb.productive.airr_clone-fail.tsv': No such file or directory
mv: cannot stat '5fee6a07-e214-4b0f-a860-9aa4c393ff7e.igblast.makedb.productive.airr_clone-fail.tsv': No such file or directory
mv: cannot stat 'd6803325-7707-4f21-91e3-f7e81beb068e.igblast.makedb.productive.airr_clone-fail.tsv': No such file or directory
mv: cannot stat '5b6555fc-8815-4d85-a433-e128d8c2466e.igblast.makedb.productive.airr_clone-fail.tsv': No such file or directory
mv: cannot stat '5e80e8dc-fb52-4626-840d-b3ca1a03f7e8.igblast.makedb.productive.airr_clone-fail.tsv': No such file or directory
mv: cannot stat '917ac6a9-9ca4-4648-acd9-b8f869cb5290.igblast.makedb.productive.airr_clone-fail.tsv': No such file or directory
mv: cannot stat 'd6803325-7707-4f21-91e3-f7e81beb068e.igblast.makedb.productive.airr_clone-fail.tsv': No such file or directory
mv: cannot stat '5fee6a07-e214-4b0f-a860-9aa4c393ff7e.igblast.makedb.productive.airr_clone-fail.tsv': No such file or directory
mv: cannot stat '5b6555fc-8815-4d85-a433-e128d8c2466e.igblast.makedb.productive.airr_clone-fail.tsv': No such file or directory
mv: cannot stat '0df7a676-cf6f-4ad2-8ed3-ed9d7a7b8f96.igblast.makedb.productive.airr_clone-fail.tsv': No such file or directory
mv: cannot stat '917ac6a9-9ca4-4648-acd9-b8f869cb5290.igblast.makedb.productive.airr_clone-fail.tsv': No such file or directory
mv: cannot stat 'e64333ee-e4ed-4612-9178-a9697162fb7d.igblast.makedb.productive.airr_clone-fail.tsv': No such file or directory
mv: cannot stat '921b9959-a5ed-4abf-b522-3f01ba8d4ae9.igblast.makedb.productive.airr_clone-fail.tsv': No such file or directory
mv: cannot stat '921b9959-a5ed-4abf-b522-3f01ba8d4ae9.igblast.makedb.productive.airr_clone-fail.tsv': No such file or directory
mv: cannot stat '0f9f5bda-0a2b-4194-b977-814701fa946b.igblast.makedb.productive.airr_clone-fail.tsv': No such file or directory
mv: cannot stat '8b5fb162-51c5-44f3-9a85-5316fba82af3.igblast.makedb.productive.airr_clone-fail.tsv': No such file or directory
mv: cannot stat '134732be-9e5c-4c3e-ae01-9543eefbd64c.igblast.makedb.productive.airr_clone-fail.tsv': No such file or directory
mv: cannot stat 'e64333ee-e4ed-4612-9178-a9697162fb7d.igblast.makedb.productive.airr_clone-fail.tsv': No such file or directory
mv: cannot stat '0f9f5bda-0a2b-4194-b977-814701fa946b.igblast.makedb.productive.airr_clone-fail.tsv': No such file or directory
mv: cannot stat '65cb5b53-14af-4fae-acd3-ec8f8316cb22.igblast.makedb.productive.airr_clone-fail.tsv': No such file or directory
mv: cannot stat '5e80e8dc-fb52-4626-840d-b3ca1a03f7e8.igblast.makedb.productive.airr_clone-fail.tsv': No such file or directory
mv: cannot stat '8b5fb162-51c5-44f3-9a85-5316fba82af3.igblast.makedb.productive.airr_clone-fail.tsv': No such file or directory
mv: cannot stat '00b249fa-c87e-4269-a75c-31e8999db98a.igblast.makedb.productive.airr_clone-fail.tsv': No such file or directory
mv: cannot stat '0df7a676-cf6f-4ad2-8ed3-ed9d7a7b8f96.igblast.makedb.productive.airr_clone-fail.tsv': No such file or directory
mv: cannot stat '950a69f4-4f39-4009-aa41-92229e8b78ec.igblast.makedb.productive.airr_clone-fail.tsv': No such file or directory
mv: cannot stat '00b249fa-c87e-4269-a75c-31e8999db98a.igblast.makedb.productive.airr_clone-fail.tsv': No such file or directory
mv: cannot stat '2bd2fedb-2ce5-4d9d-9955-e998039a9904.igblast.makedb.productive.airr_clone-fail.tsv': No such file or directory
mv: cannot stat '65cb5b53-14af-4fae-acd3-ec8f8316cb22.igblast.makedb.productive.airr_clone-fail.tsv': No such file or directory
mv: cannot stat '078f09ad-0d72-4856-841b-8d123b4f4e4c.igblast.makedb.productive.airr_clone-fail.tsv': No such file or directory
mv: cannot stat '624bd117-4cfc-404d-b2bd-fc2be727603d.igblast.makedb.productive.airr_clone-fail.tsv': No such file or directory
mv: cannot stat '134732be-9e5c-4c3e-ae01-9543eefbd64c.igblast.makedb.productive.airr_clone-fail.tsv': No such file or directory
mv: cannot stat '2bd2fedb-2ce5-4d9d-9955-e998039a9904.igblast.makedb.productive.airr_clone-fail.tsv': No such file or directory
mv: cannot stat '950a69f4-4f39-4009-aa41-92229e8b78ec.igblast.makedb.productive.airr_clone-fail.tsv': No such file or directory
mv: cannot stat '624bd117-4cfc-404d-b2bd-fc2be727603d.igblast.makedb.productive.airr_clone-fail.tsv': No such file or directory
mv: cannot stat '078f09ad-0d72-4856-841b-8d123b4f4e4c.igblast.makedb.productive.airr_clone-fail.tsv': No such file or directory
mv: cannot stat '1fbdd1eb-995d-4a70-8611-49349599ee38.igblast.makedb.productive.airr_clone-fail.tsv': No such file or directory
mv: cannot stat 'd9cb63aa-c564-4bff-85d7-c62fcb8a15be.igblast.makedb.productive.airr_clone-fail.tsv': No such file or directory
mv: cannot stat '6edcd807-1247-4d2a-80cd-08f932b92ed8.igblast.makedb.productive.airr_clone-fail.tsv': No such file or directory
mv: cannot stat '1fbdd1eb-995d-4a70-8611-49349599ee38.igblast.makedb.productive.airr_clone-fail.tsv': No such file or directory
mv: cannot stat 'd9cb63aa-c564-4bff-85d7-c62fcb8a15be.igblast.makedb.productive.airr_clone-fail.tsv': No such file or directory
mv: cannot stat '6edcd807-1247-4d2a-80cd-08f932b92ed8.igblast.makedb.productive.airr_clone-fail.tsv': No such file or directory
mv: cannot stat 'f201671b-4044-4b03-9020-f0a548c473ae.igblast.makedb.productive.airr_clone-fail.tsv': No such file or directory
mv: cannot stat 'b1232561-9915-49f2-ab7e-37501b798dca.igblast.makedb.productive.airr_clone-fail.tsv': No such file or directory
mv: cannot stat '6629239b-ad74-41cc-9e04-d31d74b81d0a.igblast.makedb.productive.airr_clone-fail.tsv': No such file or directory
mv: cannot stat '9134bb46-09f8-48f5-909a-73fc6715a3d0.igblast.makedb.productive.airr_clone-fail.tsv': No such file or directory
mv: cannot stat '81c7a59d-2ac4-426c-8a89-edb2e8215812.igblast.makedb.productive.airr_clone-fail.tsv': No such file or directory
mv: cannot stat 'f201671b-4044-4b03-9020-f0a548c473ae.igblast.makedb.productive.airr_clone-fail.tsv': No such file or directory
mv: cannot stat '94665236-e131-4ef7-9b73-077f8612d143.igblast.makedb.productive.airr_clone-fail.tsv': No such file or directory
mv: cannot stat '9a9e232b-04ee-4372-9bf8-3e6612b19b6f.igblast.makedb.productive.airr_clone-fail.tsv': No such file or directory
mv: cannot stat 'b1232561-9915-49f2-ab7e-37501b798dca.igblast.makedb.productive.airr_clone-fail.tsv': No such file or directory
mv: cannot stat '81c7a59d-2ac4-426c-8a89-edb2e8215812.igblast.makedb.productive.airr_clone-fail.tsv': No such file or directory
mv: cannot stat '6629239b-ad74-41cc-9e04-d31d74b81d0a.igblast.makedb.productive.airr_clone-fail.tsv': No such file or directory
mv: cannot stat '9a9e232b-04ee-4372-9bf8-3e6612b19b6f.igblast.makedb.productive.airr_clone-fail.tsv': No such file or directory
mv: cannot stat '9134bb46-09f8-48f5-909a-73fc6715a3d0.igblast.makedb.productive.airr_clone-fail.tsv': No such file or directory
mv: cannot stat '073849d7-640d-4d76-9288-234331a19356.igblast.makedb.productive.airr_clone-fail.tsv': No such file or directory
mv: cannot stat '25c700c3-f715-458e-92cd-1145e41f3570.igblast.makedb.productive.airr_clone-fail.tsv': No such file or directory
mv: cannot stat '94665236-e131-4ef7-9b73-077f8612d143.igblast.makedb.productive.airr_clone-fail.tsv': No such file or directory
mv: cannot stat '458a5618-1687-4c7e-8bad-8063f8ea0608.igblast.makedb.productive.airr_clone-fail.tsv': No such file or directory
mv: cannot stat '073849d7-640d-4d76-9288-234331a19356.igblast.makedb.productive.airr_clone-fail.tsv': No such file or directory
mv: cannot stat '7ff950de-de58-4e9b-9864-bfc4c25e810a.igblast.makedb.productive.airr_clone-fail.tsv': No such file or directory
mv: cannot stat '25c700c3-f715-458e-92cd-1145e41f3570.igblast.makedb.productive.airr_clone-fail.tsv': No such file or directory
mv: cannot stat 'fb72eda6-29ad-4c61-8d03-d495d7b8bc5c.igblast.makedb.productive.airr_clone-fail.tsv': No such file or directory
mv: cannot stat 'bdf3456e-6d69-44d1-91d6-a9e776e168b6.igblast.makedb.productive.airr_clone-fail.tsv': No such file or directory
mv: cannot stat '7ff950de-de58-4e9b-9864-bfc4c25e810a.igblast.makedb.productive.airr_clone-fail.tsv': No such file or directory
mv: cannot stat 'aa184c11-9213-4596-b66d-6b95763bef5f.igblast.makedb.productive.airr_clone-fail.tsv': No such file or directory
mv: cannot stat 'fb72eda6-29ad-4c61-8d03-d495d7b8bc5c.igblast.makedb.productive.airr_clone-fail.tsv': No such file or directory
mv: cannot stat 'bdf3456e-6d69-44d1-91d6-a9e776e168b6.igblast.makedb.productive.airr_clone-fail.tsv': No such file or directory
mv: cannot stat 'aeb4bd60-163d-4cfd-88d6-e7f22e264334.igblast.makedb.productive.airr_clone-fail.tsv': No such file or directory
mv: cannot stat '458a5618-1687-4c7e-8bad-8063f8ea0608.igblast.makedb.productive.airr_clone-fail.tsv': No such file or directory
mv: cannot stat '0051e55b-2126-477f-aa08-fbd129e07684.igblast.makedb.productive.airr_clone-fail.tsv': No such file or directory
mv: cannot stat '37c50fa1-2bf6-4b89-932d-fee771995309.igblast.makedb.productive.airr_clone-fail.tsv': No such file or directory
mv: cannot stat 'aa184c11-9213-4596-b66d-6b95763bef5f.igblast.makedb.productive.airr_clone-fail.tsv': No such file or directory
mv: cannot stat 'aeb4bd60-163d-4cfd-88d6-e7f22e264334.igblast.makedb.productive.airr_clone-fail.tsv': No such file or directory
mv: cannot stat 'ac01a332-953e-48bc-b731-273f8e97552d.igblast.makedb.productive.airr_clone-fail.tsv': No such file or directory
mv: cannot stat '0051e55b-2126-477f-aa08-fbd129e07684.igblast.makedb.productive.airr_clone-fail.tsv': No such file or directory
mv: cannot stat '91d13db9-ca74-4462-b873-f3e473d5a98e.igblast.makedb.productive.airr_clone-fail.tsv': No such file or directory
mv: cannot stat '37c50fa1-2bf6-4b89-932d-fee771995309.igblast.makedb.productive.airr_clone-fail.tsv': No such file or directory
mv: cannot stat '1a00abf1-dc84-4d8a-9aed-16990a1757ca.igblast.makedb.productive.airr_clone-fail.tsv': No such file or directory
mv: cannot stat '6c3c4501-fd52-48c5-a459-ad93cd028cb8.igblast.makedb.productive.airr_clone-fail.tsv': No such file or directory
mv: cannot stat '91d13db9-ca74-4462-b873-f3e473d5a98e.igblast.makedb.productive.airr_clone-fail.tsv': No such file or directory
mv: cannot stat '1a00abf1-dc84-4d8a-9aed-16990a1757ca.igblast.makedb.productive.airr_clone-fail.tsv': No such file or directory
mv: cannot stat 'ac01a332-953e-48bc-b731-273f8e97552d.igblast.makedb.productive.airr_clone-fail.tsv': No such file or directory
mv: cannot stat '6c3c4501-fd52-48c5-a459-ad93cd028cb8.igblast.makedb.productive.airr_clone-fail.tsv': No such file or directory
mv: cannot stat 'f4a63344-4f5d-4f62-97c5-668dd3f016be.igblast.makedb.productive.airr_clone-fail.tsv': No such file or directory
mv: cannot stat '1fe3bd4d-a243-4801-9779-b8f9823d3cb1.igblast.makedb.productive.airr_clone-fail.tsv': No such file or directory
mv: cannot stat 'a4d89897-e252-4012-ab95-aaa57c572f45.igblast.makedb.productive.airr_clone-fail.tsv': No such file or directory
mv: cannot stat '535bc784-c256-4fdf-a461-7074dec5f1dc.igblast.makedb.productive.airr_clone-fail.tsv': No such file or directory
mv: cannot stat 'f4a63344-4f5d-4f62-97c5-668dd3f016be.igblast.makedb.productive.airr_clone-fail.tsv': No such file or directory
mv: cannot stat '9a6c4e56-2f1b-41f4-9f42-c66e4fc391c4.igblast.makedb.productive.airr_clone-fail.tsv': No such file or directory
mv: cannot stat 'a4d89897-e252-4012-ab95-aaa57c572f45.igblast.makedb.productive.airr_clone-fail.tsv': No such file or directory
mv: cannot stat '1fe3bd4d-a243-4801-9779-b8f9823d3cb1.igblast.makedb.productive.airr_clone-fail.tsv': No such file or directory
mv: cannot stat '173e6d23-0e74-4b87-bffe-f534881bfa0e.igblast.makedb.productive.airr_clone-fail.tsv': No such file or directory
mv: cannot stat '535bc784-c256-4fdf-a461-7074dec5f1dc.igblast.makedb.productive.airr_clone-fail.tsv': No such file or directory
mv: cannot stat '35c40cd0-401f-4ebb-a53a-bf1ae36d9fba.igblast.makedb.productive.airr_clone-fail.tsv': No such file or directory
mv: cannot stat '9a6c4e56-2f1b-41f4-9f42-c66e4fc391c4.igblast.makedb.productive.airr_clone-fail.tsv': No such file or directory
mv: cannot stat 'fb17ffc7-4f70-4bc4-b07e-75ccf9a27946.igblast.makedb.productive.airr_clone-fail.tsv': No such file or directory
mv: cannot stat 'fb17ffc7-4f70-4bc4-b07e-75ccf9a27946.igblast.makedb.productive.airr_clone-fail.tsv': No such file or directory
mv: cannot stat 'ce135a23-7366-40cf-b460-c2045ecfaede.igblast.makedb.productive.airr_clone-fail.tsv': No such file or directory
mv: cannot stat 'f396f0aa-365e-453b-bc5b-39b418b5229a.igblast.makedb.productive.airr_clone-fail.tsv': No such file or directory
mv: cannot stat '173e6d23-0e74-4b87-bffe-f534881bfa0e.igblast.makedb.productive.airr_clone-fail.tsv': No such file or directory
mv: cannot stat '6dfd7f8d-a14d-42ca-bdd5-3e1e0626bb03.igblast.makedb.productive.airr_clone-fail.tsv': No such file or directory
mv: cannot stat 'f396f0aa-365e-453b-bc5b-39b418b5229a.igblast.makedb.productive.airr_clone-fail.tsv': No such file or directory
mv: cannot stat 'a8a3e89c-46d8-4e02-a9fa-0d5c046e61c0.igblast.makedb.productive.airr_clone-fail.tsv': No such file or directory
mv: cannot stat '744e01fe-23d3-4d3e-87fc-d1677c4ff6dd.igblast.makedb.productive.airr_clone-fail.tsv': No such file or directory
mv: cannot stat '35c40cd0-401f-4ebb-a53a-bf1ae36d9fba.igblast.makedb.productive.airr_clone-fail.tsv': No such file or directory
mv: cannot stat 'ce135a23-7366-40cf-b460-c2045ecfaede.igblast.makedb.productive.airr_clone-fail.tsv': No such file or directory
mv: cannot stat '744e01fe-23d3-4d3e-87fc-d1677c4ff6dd.igblast.makedb.productive.airr_clone-fail.tsv': No such file or directory
mv: cannot stat '8f46b14a-c27a-4152-84b3-26fcdb325e0d.igblast.makedb.productive.airr_clone-fail.tsv': No such file or directory
mv: cannot stat 'a8a3e89c-46d8-4e02-a9fa-0d5c046e61c0.igblast.makedb.productive.airr_clone-fail.tsv': No such file or directory
mv: cannot stat '6dfd7f8d-a14d-42ca-bdd5-3e1e0626bb03.igblast.makedb.productive.airr_clone-fail.tsv': No such file or directory
mv: cannot stat '1f4790e0-be57-4208-be25-5ab0f29c4e9c.igblast.makedb.productive.airr_clone-fail.tsv': No such file or directory
mv: cannot stat '8f46b14a-c27a-4152-84b3-26fcdb325e0d.igblast.makedb.productive.airr_clone-fail.tsv': No such file or directory
mv: cannot stat 'd006c3b9-e075-4632-b762-627447f5dcad.igblast.makedb.productive.airr_clone-fail.tsv': No such file or directory
mv: cannot stat '965ea3a4-7879-4c2b-888f-af7f1f97ec81.igblast.makedb.productive.airr_clone-fail.tsv': No such file or directory
mv: cannot stat 'd89ca68a-1574-4b24-83e1-4d7ccb789aeb.igblast.makedb.productive.airr_clone-fail.tsv': No such file or directory
mv: cannot stat '1f4790e0-be57-4208-be25-5ab0f29c4e9c.igblast.makedb.productive.airr_clone-fail.tsv': No such file or directory
mv: cannot stat '965ea3a4-7879-4c2b-888f-af7f1f97ec81.igblast.makedb.productive.airr_clone-fail.tsv': No such file or directory
mv: cannot stat 'd89ca68a-1574-4b24-83e1-4d7ccb789aeb.igblast.makedb.productive.airr_clone-fail.tsv': No such file or directory
mv: cannot stat '28634728-ea47-40ed-9fac-bd1981e6ff6e.igblast.makedb.productive.airr_clone-fail.tsv': No such file or directory
mv: cannot stat '1d4c4efc-a2ac-4a77-ba47-32ff9e8a0d6f.igblast.makedb.productive.airr_clone-fail.tsv': No such file or directory
mv: cannot stat '3626faa6-5270-4f75-b9c1-d933361745a7.igblast.makedb.productive.airr_clone-fail.tsv': No such file or directory
mv: cannot stat '2a8696b1-14e5-4190-98b2-a97191ff0f15.igblast.makedb.productive.airr_clone-fail.tsv': No such file or directory
mv: cannot stat 'ebd6e558-2d52-471e-b6c9-109bc3ed643b.igblast.makedb.productive.airr_clone-fail.tsv': No such file or directory
mv: cannot stat '82426251-bb2d-4226-9ab7-322e57d13646.igblast.makedb.productive.airr_clone-fail.tsv': No such file or directory
mv: cannot stat '1d4c4efc-a2ac-4a77-ba47-32ff9e8a0d6f.igblast.makedb.productive.airr_clone-fail.tsv': No such file or directory
mv: cannot stat '99260ca9-2715-4797-92e8-774936e77453.igblast.makedb.productive.airr_clone-fail.tsv': No such file or directory
mv: cannot stat '2a8696b1-14e5-4190-98b2-a97191ff0f15.igblast.makedb.productive.airr_clone-fail.tsv': No such file or directory
mv: cannot stat 'ebd6e558-2d52-471e-b6c9-109bc3ed643b.igblast.makedb.productive.airr_clone-fail.tsv': No such file or directory
mv: cannot stat '28634728-ea47-40ed-9fac-bd1981e6ff6e.igblast.makedb.productive.airr_clone-fail.tsv': No such file or directory
mv: cannot stat '99260ca9-2715-4797-92e8-774936e77453.igblast.makedb.productive.airr_clone-fail.tsv': No such file or directory
mv: cannot stat '3626faa6-5270-4f75-b9c1-d933361745a7.igblast.makedb.productive.airr_clone-fail.tsv': No such file or directory
mv: cannot stat '2334f131-7605-47f1-b17e-0b619550c0da.igblast.makedb.productive.airr_clone-fail.tsv': No such file or directory
mv: cannot stat '82426251-bb2d-4226-9ab7-322e57d13646.igblast.makedb.productive.airr_clone-fail.tsv': No such file or directory
mv: cannot stat 'abe036ec-862c-41f5-a923-8f16b91940c1.igblast.makedb.productive.airr_clone-fail.tsv': No such file or directory
mv: cannot stat '2334f131-7605-47f1-b17e-0b619550c0da.igblast.makedb.productive.airr_clone-fail.tsv': No such file or directory
mv: cannot stat '8300e7dc-605f-4a5f-96c2-af5cb14a968d.igblast.makedb.productive.airr_clone-fail.tsv': No such file or directory
mv: cannot stat 'abe036ec-862c-41f5-a923-8f16b91940c1.igblast.makedb.productive.airr_clone-fail.tsv': No such file or directory
mv: cannot stat '42dbf768-7b6f-4eca-8ffc-c3c4e97025e5.igblast.makedb.productive.airr_clone-fail.tsv': No such file or directory
mv: cannot stat '8300e7dc-605f-4a5f-96c2-af5cb14a968d.igblast.makedb.productive.airr_clone-fail.tsv': No such file or directory
mv: cannot stat '9ba0f772-9f67-42f6-b90b-4bf45f2c245f.igblast.makedb.productive.airr_clone-fail.tsv': No such file or directory
mv: cannot stat '42dbf768-7b6f-4eca-8ffc-c3c4e97025e5.igblast.makedb.productive.airr_clone-fail.tsv': No such file or directory
mv: cannot stat '54f3d7e0-963e-4916-9f77-99f3b3d3a68e.igblast.makedb.productive.airr_clone-fail.tsv': No such file or directory
mv: cannot stat '9ba0f772-9f67-42f6-b90b-4bf45f2c245f.igblast.makedb.productive.airr_clone-fail.tsv': No such file or directory
mv: cannot stat 'd006c3b9-e075-4632-b762-627447f5dcad.igblast.makedb.productive.airr_clone-fail.tsv': No such file or directory
mv: cannot stat 'c1fb83a7-e220-473c-b710-5ddf891d7e25.igblast.makedb.productive.airr_clone-fail.tsv': No such file or directory
mv: cannot stat '280e792d-233b-4070-b4e9-b31b786ddfc7.igblast.makedb.productive.airr_clone-fail.tsv': No such file or directory
mv: cannot stat '54f3d7e0-963e-4916-9f77-99f3b3d3a68e.igblast.makedb.productive.airr_clone-fail.tsv': No such file or directory
mv: cannot stat 'c1fb83a7-e220-473c-b710-5ddf891d7e25.igblast.makedb.productive.airr_clone-fail.tsv': No such file or directory
mv: cannot stat 'c49deaf0-99ba-4c42-93a8-f9d67c3f6600.igblast.makedb.productive.airr_clone-fail.tsv': No such file or directory
mv: cannot stat '280e792d-233b-4070-b4e9-b31b786ddfc7.igblast.makedb.productive.airr_clone-fail.tsv': No such file or directory
mv: cannot stat 'c49deaf0-99ba-4c42-93a8-f9d67c3f6600.igblast.makedb.productive.airr_clone-fail.tsv': No such file or directory
mv: cannot stat '89149ab4-07b5-4ac3-af44-ad0f9ff48ebd.igblast.makedb.productive.airr_clone-fail.tsv': No such file or directory
mv: cannot stat 'cf1344b5-e600-440c-a3a6-300026b51679.igblast.makedb.productive.airr_clone-fail.tsv': No such file or directory
mv: cannot stat '2b77d11e-c040-4172-8e1f-353af4223655.igblast.makedb.productive.airr_clone-fail.tsv': No such file or directory
mv: cannot stat 'f8c69ec4-1ef2-4ba1-bb92-1d8b14a342d1.igblast.makedb.productive.airr_clone-fail.tsv': No such file or directory
mv: cannot stat 'b33b5ad9-1967-4a33-849a-5c08e702b9c7.igblast.makedb.productive.airr_clone-fail.tsv': No such file or directory
mv: cannot stat 'cf1344b5-e600-440c-a3a6-300026b51679.igblast.makedb.productive.airr_clone-fail.tsv': No such file or directory
mv: cannot stat '89149ab4-07b5-4ac3-af44-ad0f9ff48ebd.igblast.makedb.productive.airr_clone-fail.tsv': No such file or directory
mv: cannot stat 'd2995759-9c8f-413f-b881-01357fd9a95d.igblast.makedb.productive.airr_clone-fail.tsv': No such file or directory
mv: cannot stat '2b77d11e-c040-4172-8e1f-353af4223655.igblast.makedb.productive.airr_clone-fail.tsv': No such file or directory
mv: cannot stat 'd2995759-9c8f-413f-b881-01357fd9a95d.igblast.makedb.productive.airr_clone-fail.tsv': No such file or directory
mv: cannot stat 'd4553eaa-9537-45d8-941d-3d0a90ad1c42.igblast.makedb.productive.airr_clone-fail.tsv': No such file or directory
mv: cannot stat 'd2b3f18e-b666-4f55-9d12-c810edd51afc.igblast.makedb.productive.airr_clone-fail.tsv': No such file or directory
mv: cannot stat 'd4553eaa-9537-45d8-941d-3d0a90ad1c42.igblast.makedb.productive.airr_clone-fail.tsv': No such file or directory
mv: cannot stat 'd2b3f18e-b666-4f55-9d12-c810edd51afc.igblast.makedb.productive.airr_clone-fail.tsv': No such file or directory
mv: cannot stat 'f8c69ec4-1ef2-4ba1-bb92-1d8b14a342d1.igblast.makedb.productive.airr_clone-fail.tsv': No such file or directory
mv: cannot stat 'b33b5ad9-1967-4a33-849a-5c08e702b9c7.igblast.makedb.productive.airr_clone-fail.tsv': No such file or directory
mv: cannot stat 'fe240a71-6687-4a50-8764-d6922af968dc.igblast.makedb.productive.airr_clone-fail.tsv': No such file or directory
mv: cannot stat '9b8e92cf-b488-4b43-ba5a-1185710ac981.igblast.makedb.productive.airr_clone-fail.tsv': No such file or directory
mv: cannot stat '2b1e4ba0-bf11-49e7-b65a-237af7a3ad68.igblast.makedb.productive.airr_clone-fail.tsv': No such file or directory
mv: cannot stat '9b8e92cf-b488-4b43-ba5a-1185710ac981.igblast.makedb.productive.airr_clone-fail.tsv': No such file or directory
mv: cannot stat '2b1e4ba0-bf11-49e7-b65a-237af7a3ad68.igblast.makedb.productive.airr_clone-fail.tsv': No such file or directory
mv: cannot stat 'fe240a71-6687-4a50-8764-d6922af968dc.igblast.makedb.productive.airr_clone-fail.tsv': No such file or directory
mv: cannot stat 'd0c15a9c-18ef-4742-a57a-fd29931c2e3a.igblast.makedb.productive.airr_clone-fail.tsv': No such file or directory
mv: cannot stat 'e1c76ac2-2d34-45bf-a9a5-aa3d1d9e7d2b.igblast.makedb.productive.airr_clone-fail.tsv': No such file or directory
mv: cannot stat '2e397f63-2d19-4e72-849e-2b7806502292.igblast.makedb.productive.airr_clone-fail.tsv': No such file or directory
mv: cannot stat '2562cb08-4257-4068-9b34-7904ac5a1fba.igblast.makedb.productive.airr_clone-fail.tsv': No such file or directory
mv: cannot stat 'e1c76ac2-2d34-45bf-a9a5-aa3d1d9e7d2b.igblast.makedb.productive.airr_clone-fail.tsv': No such file or directory
mv: cannot stat '2562cb08-4257-4068-9b34-7904ac5a1fba.igblast.makedb.productive.airr_clone-fail.tsv': No such file or directory
mv: cannot stat 'd0c15a9c-18ef-4742-a57a-fd29931c2e3a.igblast.makedb.productive.airr_clone-fail.tsv': No such file or directory
mv: cannot stat '2e397f63-2d19-4e72-849e-2b7806502292.igblast.makedb.productive.airr_clone-fail.tsv': No such file or directory
mv: cannot stat '8a84869c-65fa-48b6-8653-918814c8747c.igblast.makedb.productive.airr_clone-fail.tsv': No such file or directory
mv: cannot stat 'f7435457-ba2d-4a96-8698-33afe62d915f.igblast.makedb.productive.airr_clone-fail.tsv': No such file or directory
mv: cannot stat '8a84869c-65fa-48b6-8653-918814c8747c.igblast.makedb.productive.airr_clone-fail.tsv': No such file or directory
mv: cannot stat '83ab914b-f8a2-49d3-bd1c-eb61931ef5f3.igblast.makedb.productive.airr_clone-fail.tsv': No such file or directory
mv: cannot stat 'd4d551cb-2cde-4c47-ad6c-a8af7295e2b4.igblast.makedb.productive.airr_clone-fail.tsv': No such file or directory
mv: cannot stat 'f7435457-ba2d-4a96-8698-33afe62d915f.igblast.makedb.productive.airr_clone-fail.tsv': No such file or directory
mv: cannot stat '83ab914b-f8a2-49d3-bd1c-eb61931ef5f3.igblast.makedb.productive.airr_clone-fail.tsv': No such file or directory
mv: cannot stat '1d8aa34d-187f-40ea-af2e-cee01739730e.igblast.makedb.productive.airr_clone-fail.tsv': No such file or directory
mv: cannot stat 'd4d551cb-2cde-4c47-ad6c-a8af7295e2b4.igblast.makedb.productive.airr_clone-fail.tsv': No such file or directory
mv: cannot stat '1d8aa34d-187f-40ea-af2e-cee01739730e.igblast.makedb.productive.airr_clone-fail.tsv': No such file or directory
mv: cannot stat 'f9f77cfa-8183-4ab2-a58f-2a1b85f5490a.igblast.makedb.productive.airr_clone-fail.tsv': No such file or directory
mv: cannot stat 'f9f77cfa-8183-4ab2-a58f-2a1b85f5490a.igblast.makedb.productive.airr_clone-fail.tsv': No such file or directory
mv: cannot stat '9c3445fe-0a13-4a11-a094-400b003b85f8.igblast.makedb.productive.airr_clone-fail.tsv': No such file or directory
mv: cannot stat '82cdb4d7-ea7d-472e-bc41-0338d3a36a3d.igblast.makedb.productive.airr_clone-fail.tsv': No such file or directory
mv: cannot stat '9c3445fe-0a13-4a11-a094-400b003b85f8.igblast.makedb.productive.airr_clone-fail.tsv': No such file or directory
mv: cannot stat '82cdb4d7-ea7d-472e-bc41-0338d3a36a3d.igblast.makedb.productive.airr_clone-fail.tsv': No such file or directory
mv: cannot stat 'c84fabd1-3077-4952-a875-fb85623d8286.igblast.makedb.productive.airr_clone-fail.tsv': No such file or directory
mv: cannot stat 'c84fabd1-3077-4952-a875-fb85623d8286.igblast.makedb.productive.airr_clone-fail.tsv': No such file or directory
mv: cannot stat 'c87231e2-3a27-410f-805d-dde3be434d4d.igblast.makedb.productive.airr_clone-fail.tsv': No such file or directory
mv: cannot stat 'c87231e2-3a27-410f-805d-dde3be434d4d.igblast.makedb.productive.airr_clone-fail.tsv': No such file or directory
